00:51:43: Creating resource group General
00:51:43: Creating resource group OgreInternal
00:51:43: Creating resource group OgreAutodetect
00:51:43: Registering ResourceManager for type Material
00:51:43: Registering ResourceManager for type Skeleton
00:51:43: Registering ResourceManager for type Mesh
00:51:43: Skeleton: Loading Sinbad.skeleton
00:51:43: Error: Unable to load skeleton 'Sinbad.skeleton' for Mesh 'conversion'. This Mesh will not be animated. You can ignore this message if you are using an offline tool.
00:51:43: MeshSerializer writing mesh data to stream Sinbad.mesh...
00:51:43: File header written.
00:51:43: Writing mesh data...
00:51:43: Writing submesh...
00:51:43: Exporting submesh texture aliases...
00:51:43: Submesh texture aliases exported.
00:51:43: Exporting dedicated geometry bone assignments...
00:51:43: Dedicated geometry bone assignments exported.
00:51:43: Submesh exported.
00:51:43: Writing submesh...
00:51:43: Exporting submesh texture aliases...
00:51:43: Submesh texture aliases exported.
00:51:43: Exporting dedicated geometry bone assignments...
00:51:43: Dedicated geometry bone assignments exported.
00:51:43: Submesh exported.
00:51:43: Writing submesh...
00:51:43: Exporting submesh texture aliases...
00:51:43: Submesh texture aliases exported.
00:51:43: Exporting dedicated geometry bone assignments...
00:51:43: Dedicated geometry bone assignments exported.
00:51:43: Submesh exported.
00:51:43: Writing submesh...
00:51:43: Exporting submesh texture aliases...
00:51:43: Submesh texture aliases exported.
00:51:43: Exporting dedicated geometry bone assignments...
00:51:43: Dedicated geometry bone assignments exported.
00:51:43: Submesh exported.
00:51:43: Writing submesh...
00:51:43: Exporting submesh texture aliases...
00:51:43: Submesh texture aliases exported.
00:51:43: Exporting dedicated geometry bone assignments...
00:51:43: Dedicated geometry bone assignments exported.
00:51:43: Submesh exported.
00:51:43: Writing submesh...
00:51:43: Exporting submesh texture aliases...
00:51:43: Submesh texture aliases exported.
00:51:43: Exporting dedicated geometry bone assignments...
00:51:43: Dedicated geometry bone assignments exported.
00:51:43: Submesh exported.
00:51:43: Writing submesh...
00:51:43: Exporting submesh texture aliases...
00:51:43: Submesh texture aliases exported.
00:51:43: Exporting dedicated geometry bone assignments...
00:51:43: Dedicated geometry bone assignments exported.
00:51:43: Submesh exported.
00:51:43: Exporting skeleton link...
00:51:43: Skeleton link exported.
00:51:43: Exporting bounds information....
00:51:43: Bounds information exported.
00:51:43: Exporting submesh name table...
00:51:43: Submesh name table exported.
00:51:43: Exporting edge lists...
00:51:43: Edge lists exported
00:51:43: Mesh data exported.
00:51:43: MeshSerializer export successful.
00:51:43: Unregistering ResourceManager for type Mesh
00:51:43: Unregistering ResourceManager for type Skeleton
00:51:43: Unregistering ResourceManager for type Material
